<?xml version="1.0" encoding="UTF-8"?>
<!-- Generated by org.testng.reporters.JUnitReportReporter -->
<testsuite skipped="0" hostname="DESKTOP-SC8GIOV" name="com.wanasaemc.adminautomation.EMCLoginPageTest" tests="2" failures="0" timestamp="06 Mar 2020 08:35:01 GMT" time="15.608" errors="0">
  <testcase name="titlePageChecking" time="5.264" classname="com.wanasaemc.adminautomation.EMCLoginPageTest"/>
  <testcase name="emcLogin" time="10.344" classname="com.wanasaemc.adminautomation.EMCLoginPageTest"/>
</testsuite> <!-- com.wanasaemc.adminautomation.EMCLoginPageTest -->
